<?xml version="1.0" encoding="UTF-8"?>
<!-- Generated by org.testng.reporters.JUnitXMLReporter -->
<testsuite ignored="0" hostname="DESKTOP-7NFQM15" failures="1" tests="1" name="Test" time="3.768" errors="0" timestamp="2024-03-31T19:46:45 IST">
  <testcase classname="ui.Testclz2" name="tc1" time="3.736">
    <failure type="java.lang.AssertionError" message="The following asserts failed:
	expected [Online sShopping site in India: Shop Online for Mobiles, Books, Watches, Shoes and More - Amazon.in] but found [Online Shopping site in India: Shop Online for Mobiles, Books, Watches, Shoes and More - Amazon.in]">
      <![CDATA[java.lang.AssertionError: The following asserts failed:
expected [Online sShopping site in India: Shop Online for Mobiles, Books, Watches, Shoes and More - Amazon.in] but found [Online Shopping site in India: Shop Online for Mobiles, Books, Watches, Shoes and More - Amazon.in]
at ui.Testclz2.tc1(Testclz2.java:29)
at java.base/java.util.ArrayList.forEach(ArrayList.java:1511)
... Removed 29 stack frames]]>
    </failure>
  </testcase> <!-- tc1 -->
</testsuite> <!-- Test -->
