<?xml version="1.0" encoding="UTF-8"?>
<testng-results ignored="0" total="3" passed="2" failed="1" skipped="0">
  <reporter-output>
  </reporter-output>
  <suite started-at="2024-04-22T16:14:45 IST" name="Default suite" finished-at="2024-04-22T16:15:55 IST" duration-ms="70121">
    <groups>
    </groups>
    <test started-at="2024-04-22T16:14:45 IST" name="Default test" finished-at="2024-04-22T16:15:55 IST" duration-ms="70121">
      <class name="ui.ExtentReportsSample">
        <test-method is-config="true" signature="launchbrowser()[pri:0, instance:ui.ExtentReportsSample@712625fd]" started-at="2024-04-22T16:14:41 IST" name="launchbrowser" finished-at="2024-04-22T16:14:45 IST" duration-ms="4068" status="PASS">
          <reporter-output>
          </reporter-output>
        </test-method> <!-- launchbrowser -->
        <test-method signature="testcase11()[pri:0, instance:ui.ExtentReportsSample@712625fd]" started-at="2024-04-22T16:14:45 IST" name="testcase11" finished-at="2024-04-22T16:14:50 IST" duration-ms="4748" status="PASS">
          <reporter-output>
          </reporter-output>
        </test-method> <!-- testcase11 -->
        <test-method signature="testcase22()[pri:0, instance:ui.ExtentReportsSample@712625fd]" started-at="2024-04-22T16:14:50 IST" name="testcase22" finished-at="2024-04-22T16:14:51 IST" duration-ms="1291" status="FAIL">
          <exception class="java.lang.AssertionError">
            <message>
              <![CDATA[expected [true] but found [false]]]>
            </message>
            <full-stacktrace>
              <![CDATA[java.lang.AssertionError: expected [true] but found [false]
at org.testng.Assert.fail(Assert.java:111)
at org.testng.Assert.failNotEquals(Assert.java:1578)
at org.testng.Assert.assertTrue(Assert.java:57)
at org.testng.Assert.assertTrue(Assert.java:67)
at ui.ExtentReportsSample.testcase22(ExtentReportsSample.java:30)
at java.base/jdk.internal.reflect.NativeMethodAccessorImpl.invoke0(Native Method)
at java.base/jdk.internal.reflect.NativeMethodAccessorImpl.invoke(NativeMethodAccessorImpl.java:62)
at java.base/jdk.internal.reflect.DelegatingMethodAccessorImpl.invoke(DelegatingMethodAccessorImpl.java:43)
at java.base/java.lang.reflect.Method.invoke(Method.java:564)
at org.testng.internal.invokers.MethodInvocationHelper.invokeMethod(MethodInvocationHelper.java:139)
at org.testng.internal.invokers.TestInvoker.invokeMethod(TestInvoker.java:664)
at org.testng.internal.invokers.TestInvoker.invokeTestMethod(TestInvoker.java:227)
at org.testng.internal.invokers.MethodRunner.runInSequence(MethodRunner.java:50)
at org.testng.internal.invokers.TestInvoker$MethodInvocationAgent.invoke(TestInvoker.java:957)
at org.testng.internal.invokers.TestInvoker.invokeTestMethods(TestInvoker.java:200)
at org.testng.internal.invokers.TestMethodWorker.invokeTestMethods(TestMethodWorker.java:148)
at org.testng.internal.invokers.TestMethodWorker.run(TestMethodWorker.java:128)
at java.base/java.util.ArrayList.forEach(ArrayList.java:1511)
at org.testng.TestRunner.privateRun(TestRunner.java:848)
at org.testng.TestRunner.run(TestRunner.java:621)
at org.testng.SuiteRunner.runTest(SuiteRunner.java:443)
at org.testng.SuiteRunner.runSequentially(SuiteRunner.java:437)
at org.testng.SuiteRunner.privateRun(SuiteRunner.java:397)
at org.testng.SuiteRunner.run(SuiteRunner.java:336)
at org.testng.SuiteRunnerWorker.runSuite(SuiteRunnerWorker.java:52)
at org.testng.SuiteRunnerWorker.run(SuiteRunnerWorker.java:95)
at org.testng.TestNG.runSuitesSequentially(TestNG.java:1280)
at org.testng.TestNG.runSuitesLocally(TestNG.java:1200)
at org.testng.TestNG.runSuites(TestNG.java:1114)
at org.testng.TestNG.run(TestNG.java:1082)
at org.testng.remote.AbstractRemoteTestNG.run(AbstractRemoteTestNG.java:115)
at org.testng.remote.RemoteTestNG.initAndRun(RemoteTestNG.java:251)
at org.testng.remote.RemoteTestNG.main(RemoteTestNG.java:77)
]]>
            </full-stacktrace>
          </exception> <!-- java.lang.AssertionError -->
          <reporter-output>
          </reporter-output>
        </test-method> <!-- testcase22 -->
        <test-method signature="testcase33()[pri:0, instance:ui.ExtentReportsSample@712625fd]" started-at="2024-04-22T16:14:51 IST" name="testcase33" finished-at="2024-04-22T16:15:55 IST" duration-ms="63626" status="PASS">
          <reporter-output>
          </reporter-output>
        </test-method> <!-- testcase33 -->
        <test-method is-config="true" signature="closebrowser()[pri:0, instance:ui.ExtentReportsSample@712625fd]" started-at="2024-04-22T16:15:55 IST" name="closebrowser" finished-at="2024-04-22T16:15:55 IST" duration-ms="415" status="PASS">
          <reporter-output>
          </reporter-output>
        </test-method> <!-- closebrowser -->
      </class> <!-- ui.ExtentReportsSample -->
    </test> <!-- Default test -->
  </suite> <!-- Default suite -->
</testng-results>
